<?xml version="1.0" encoding="UTF-8"?>
<!-- Generated by org.testng.reporters.JUnitXMLReporter -->
<testsuite ignored="0" hostname="Sampath-Laptop" failures="1" tests="3" name="Error Validations Test" time="36.66" errors="0" timestamp="2024-08-29T22:02:45 IST">
  <testcase classname="SamSelFrame.tests.ErrorValidationsTest" name="loginErrorValidation" time="22.409">
    <skipped/>
  </testcase> <!-- loginErrorValidation -->
  <testcase classname="SamSelFrame.tests.ErrorValidationsTest" name="loginErrorValidation" time="0.431">
    <failure type="java.lang.AssertionError" message="expected [Incorrect email or password.] but found [Incorrect email orr password.]">
      <![CDATA[java.lang.AssertionError: expected [Incorrect email or password.] but found [Incorrect email orr password.]
at SamSelFrame.tests.ErrorValidationsTest.loginErrorValidation(ErrorValidationsTest.java:44)
at java.base/java.util.ArrayList.forEach(ArrayList.java:1511)
at java.base/java.util.concurrent.FutureTask.run(FutureTask.java:264)
at java.base/java.util.concurrent.ThreadPoolExecutor.runWorker(ThreadPoolExecutor.java:1136)
at java.base/java.util.concurrent.ThreadPoolExecutor$Worker.run(ThreadPoolExecutor.java:635)
at java.base/java.lang.Thread.run(Thread.java:840)
... Removed 23 stack frames]]>
    </failure>
  </testcase> <!-- loginErrorValidation -->
  <testcase classname="SamSelFrame.tests.ErrorValidationsTest" name="productErrorValidation" time="3.939"/>
</testsuite> <!-- Error Validations Test -->
